  FileManager.cpp
C:\Users\Gregory ZANATTA\OneDrive\Documents\GitHub\FactorioLike\FactorioLike\FactorioLike\FileManager.h(29,17): error C2665: 'std::getline' : aucune fonction surchargée n’a pu convertir tous les types d’arguments.
  (compiler le fichier source 'FileManager.cpp')
  C:\Program Files\Microsoft Visual Studio\2022\Community\VC\Tools\MSVC\14.38.33130\include\string(75,32):
  est peut-être 'std::basic_istream<char,std::char_traits<char>> &std::getline<char,std::char_traits<char>,std::allocator<char>>(std::basic_istream<char,std::char_traits<char>> &,std::basic_string<char,std::char_traits<char>,std::allocator<char>> &,const _Elem)'
          with
          [
              _Elem=char
          ]
  	C:\Users\Gregory ZANATTA\OneDrive\Documents\GitHub\FactorioLike\FactorioLike\FactorioLike\FileManager.h(29,17):
  	'std::basic_istream<char,std::char_traits<char>> &std::getline<char,std::char_traits<char>,std::allocator<char>>(std::basic_istream<char,std::char_traits<char>> &,std::basic_string<char,std::char_traits<char>,std::allocator<char>> &,const _Elem)' : impossible de convertir l'argument 3 de 'initializer list' en 'const _Elem'
          with
          [
              _Elem=char
          ]
  		C:\Users\Gregory ZANATTA\OneDrive\Documents\GitHub\FactorioLike\FactorioLike\FactorioLike\FileManager.h(29,34):
  		L'initialiseur contient trop d'éléments
  C:\Program Files\Microsoft Visual Studio\2022\Community\VC\Tools\MSVC\14.38.33130\include\string(25,32):
  ou       'std::basic_istream<char,std::char_traits<char>> &std::getline<char,std::char_traits<char>,std::allocator<char>>(std::basic_istream<char,std::char_traits<char>> &&,std::basic_string<char,std::char_traits<char>,std::allocator<char>> &,const _Elem)'
          with
          [
              _Elem=char
          ]
  	C:\Users\Gregory ZANATTA\OneDrive\Documents\GitHub\FactorioLike\FactorioLike\FactorioLike\FileManager.h(29,17):
  	'std::basic_istream<char,std::char_traits<char>> &std::getline<char,std::char_traits<char>,std::allocator<char>>(std::basic_istream<char,std::char_traits<char>> &&,std::basic_string<char,std::char_traits<char>,std::allocator<char>> &,const _Elem)' : impossible de convertir l'argument 1 de 'std::ifstream' en 'std::basic_istream<char,std::char_traits<char>> &&'
          with
          [
              _Elem=char
          ]
  		C:\Users\Gregory ZANATTA\OneDrive\Documents\GitHub\FactorioLike\FactorioLike\FactorioLike\FileManager.h(29,18):
  		Vous ne pouvez pas lier une lvalue à une référence rvalue
  C:\Program Files\Microsoft Visual Studio\2022\Community\VC\Tools\MSVC\14.38.33130\include\string(82,32):
  ou       'std::basic_istream<_Elem,_Traits> &std::getline(std::basic_istream<_Elem,_Traits> &,std::basic_string<_Elem,_Traits,_Alloc> &)'
  	C:\Users\Gregory ZANATTA\OneDrive\Documents\GitHub\FactorioLike\FactorioLike\FactorioLike\FileManager.h(29,17):
  	'std::basic_istream<_Elem,_Traits> &std::getline(std::basic_istream<_Elem,_Traits> &,std::basic_string<_Elem,_Traits,_Alloc> &)' : attend des arguments 2 - 3 fournis.
  C:\Program Files\Microsoft Visual Studio\2022\Community\VC\Tools\MSVC\14.38.33130\include\string(68,32):
  ou       'std::basic_istream<_Elem,_Traits> &std::getline(std::basic_istream<_Elem,_Traits> &&,std::basic_string<_Elem,_Traits,_Alloc> &)'
  	C:\Users\Gregory ZANATTA\OneDrive\Documents\GitHub\FactorioLike\FactorioLike\FactorioLike\FileManager.h(29,17):
  	'std::basic_istream<_Elem,_Traits> &std::getline(std::basic_istream<_Elem,_Traits> &&,std::basic_string<_Elem,_Traits,_Alloc> &)' : attend des arguments 2 - 3 fournis.
  C:\Users\Gregory ZANATTA\OneDrive\Documents\GitHub\FactorioLike\FactorioLike\FactorioLike\FileManager.h(29,17):
  lors de la tentative de mise en correspondance de la liste des arguments '(std::ifstream, std::string, initializer list)'
  C:\Users\Gregory ZANATTA\OneDrive\Documents\GitHub\FactorioLike\FactorioLike\FactorioLike\FileManager.h(29,17):
  'getline' : la déclaration de fonction doit être disponible, car aucun des arguments ne dépend d'un paramètre de modèle
  C:\Users\Gregory ZANATTA\OneDrive\Documents\GitHub\FactorioLike\FactorioLike\FactorioLike\FileManager.h(21,15):
  Le diagnostic s'est produit dans la fonction 'std::vector<Type,std::allocator<_Ty>> FileManager::LoadConfig(const std::string &)' générée par le compilateur
  
  Main.cpp
C:\Users\Gregory ZANATTA\OneDrive\Documents\GitHub\FactorioLike\FactorioLike\FactorioLike\FileManager.h(29,17): error C2665: 'std::getline' : aucune fonction surchargée n’a pu convertir tous les types d’arguments.
  (compiler le fichier source 'Main.cpp')
  C:\Program Files\Microsoft Visual Studio\2022\Community\VC\Tools\MSVC\14.38.33130\include\string(75,32):
  est peut-être 'std::basic_istream<char,std::char_traits<char>> &std::getline<char,std::char_traits<char>,std::allocator<char>>(std::basic_istream<char,std::char_traits<char>> &,std::basic_string<char,std::char_traits<char>,std::allocator<char>> &,const _Elem)'
          with
          [
              _Elem=char
          ]
  	C:\Users\Gregory ZANATTA\OneDrive\Documents\GitHub\FactorioLike\FactorioLike\FactorioLike\FileManager.h(29,17):
  	'std::basic_istream<char,std::char_traits<char>> &std::getline<char,std::char_traits<char>,std::allocator<char>>(std::basic_istream<char,std::char_traits<char>> &,std::basic_string<char,std::char_traits<char>,std::allocator<char>> &,const _Elem)' : impossible de convertir l'argument 3 de 'initializer list' en 'const _Elem'
          with
          [
              _Elem=char
          ]
  		C:\Users\Gregory ZANATTA\OneDrive\Documents\GitHub\FactorioLike\FactorioLike\FactorioLike\FileManager.h(29,34):
  		L'initialiseur contient trop d'éléments
  C:\Program Files\Microsoft Visual Studio\2022\Community\VC\Tools\MSVC\14.38.33130\include\string(25,32):
  ou       'std::basic_istream<char,std::char_traits<char>> &std::getline<char,std::char_traits<char>,std::allocator<char>>(std::basic_istream<char,std::char_traits<char>> &&,std::basic_string<char,std::char_traits<char>,std::allocator<char>> &,const _Elem)'
          with
          [
              _Elem=char
          ]
  	C:\Users\Gregory ZANATTA\OneDrive\Documents\GitHub\FactorioLike\FactorioLike\FactorioLike\FileManager.h(29,17):
  	'std::basic_istream<char,std::char_traits<char>> &std::getline<char,std::char_traits<char>,std::allocator<char>>(std::basic_istream<char,std::char_traits<char>> &&,std::basic_string<char,std::char_traits<char>,std::allocator<char>> &,const _Elem)' : impossible de convertir l'argument 1 de 'std::ifstream' en 'std::basic_istream<char,std::char_traits<char>> &&'
          with
          [
              _Elem=char
          ]
  		C:\Users\Gregory ZANATTA\OneDrive\Documents\GitHub\FactorioLike\FactorioLike\FactorioLike\FileManager.h(29,18):
  		Vous ne pouvez pas lier une lvalue à une référence rvalue
  C:\Program Files\Microsoft Visual Studio\2022\Community\VC\Tools\MSVC\14.38.33130\include\string(82,32):
  ou       'std::basic_istream<_Elem,_Traits> &std::getline(std::basic_istream<_Elem,_Traits> &,std::basic_string<_Elem,_Traits,_Alloc> &)'
  	C:\Users\Gregory ZANATTA\OneDrive\Documents\GitHub\FactorioLike\FactorioLike\FactorioLike\FileManager.h(29,17):
  	'std::basic_istream<_Elem,_Traits> &std::getline(std::basic_istream<_Elem,_Traits> &,std::basic_string<_Elem,_Traits,_Alloc> &)' : attend des arguments 2 - 3 fournis.
  C:\Program Files\Microsoft Visual Studio\2022\Community\VC\Tools\MSVC\14.38.33130\include\string(68,32):
  ou       'std::basic_istream<_Elem,_Traits> &std::getline(std::basic_istream<_Elem,_Traits> &&,std::basic_string<_Elem,_Traits,_Alloc> &)'
  	C:\Users\Gregory ZANATTA\OneDrive\Documents\GitHub\FactorioLike\FactorioLike\FactorioLike\FileManager.h(29,17):
  	'std::basic_istream<_Elem,_Traits> &std::getline(std::basic_istream<_Elem,_Traits> &&,std::basic_string<_Elem,_Traits,_Alloc> &)' : attend des arguments 2 - 3 fournis.
  C:\Users\Gregory ZANATTA\OneDrive\Documents\GitHub\FactorioLike\FactorioLike\FactorioLike\FileManager.h(29,17):
  lors de la tentative de mise en correspondance de la liste des arguments '(std::ifstream, std::string, initializer list)'
  C:\Users\Gregory ZANATTA\OneDrive\Documents\GitHub\FactorioLike\FactorioLike\FactorioLike\FileManager.h(29,17):
  'getline' : la déclaration de fonction doit être disponible, car aucun des arguments ne dépend d'un paramètre de modèle
  C:\Users\Gregory ZANATTA\OneDrive\Documents\GitHub\FactorioLike\FactorioLike\FactorioLike\FileManager.h(21,15):
  Le diagnostic s'est produit dans la fonction 'std::vector<Type,std::allocator<_Ty>> FileManager::LoadConfig(const std::string &)' générée par le compilateur
  
  Génération de code en cours...
